<?xml version="1.0" encoding="UTF-8"?>
<testsuite xmlns:xsi="http://www.w3.org/2001/XMLSchema-instance" xsi:noNamespaceSchemaLocation="https://maven.apache.org/surefire/maven-surefire-plugin/xsd/surefire-test-report-3.0.xsd" version="3.0" name="br.com.uab.sart.repositories.ReservaRepositoryTest" time="2.793" tests="1" errors="0" skipped="0" failures="0">
  <properties>
[...]
</properties>
  <testcase name="deveEncontrarConflitoDeReserva" classname="br.com.uab.sart.repositories.ReservaRepositoryTest" time="0.182">
    <system-out><![CDATA[2026-05-24T16:26:37.041-03:00  INFO 14772 --- [           main] t.c.s.AnnotationConfigContextLoaderUtils : Could not detect default configuration classes for test class [br.com.uab.sart.repositories.ReservaRepositoryTest]: ReservaRepositoryTest does not declare any static, non-private, non-final, nested classes annotated with @Configuration.
2026-05-24T16:26:37.060-03:00  INFO 14772 --- [           main] .b.t.c.SpringBootTestContextBootstrapper : Found @SpringBootConfiguration br.com.uab.sart.SartApplication for test class br.com.uab.sart.repositories.ReservaRepositoryTest

  .   ____          _            __ _ _
 /\\ / ___'_ __ _ _(_)_ __  __ _ \ \ \ \
( ( )\___ | '_ | '_| | '_ \/ _` | \ \ \ \
 \\/  ___)| |_)| | | | | || (_| |  ) ) ) )
  '  |____| .__|_| |_|_| |_\__, | / / / /
 =========|_|==============|___/=/_/_/_/
 :: Spring Boot ::                (v3.2.4)

2026-05-24T16:26:37.108-03:00  INFO 14772 --- [           main] b.c.u.s.r.ReservaRepositoryTest          : Starting ReservaRepositoryTest using Java 25.0.3 with PID 14772 (started by whalyson in C:\Users\whalyson\Documents\UAB\agendamento)
2026-05-24T16:26:37.113-03:00  INFO 14772 --- [           main] b.c.u.s.r.ReservaRepositoryTest          : No active profile set, falling back to 1 default profile: "default"
2026-05-24T16:26:37.506-03:00  INFO 14772 --- [           main] .s.d.r.c.RepositoryConfigurationDelegate : Bootstrapping Spring Data JPA repositories in DEFAULT mode.
2026-05-24T16:26:37.632-03:00  INFO 14772 --- [           main] .s.d.r.c.RepositoryConfigurationDelegate : Finished Spring Data repository scanning in 117 ms. Found 4 JPA repository interfaces.
2026-05-24T16:26:37.694-03:00  INFO 14772 --- [           main] beddedDataSourceBeanFactoryPostProcessor : Replacing 'dataSource' DataSource bean with embedded version
2026-05-24T16:26:37.752-03:00  INFO 14772 --- [           main] o.s.j.d.e.EmbeddedDatabaseFactory        : Starting embedded database: url='jdbc:h2:mem:131ecc59-9416-4e48-b7c3-88dc874958fe;DB_CLOSE_DELAY=-1;DB_CLOSE_ON_EXIT=false', username='sa'
2026-05-24T16:26:38.062-03:00  INFO 14772 --- [           main] o.hibernate.jpa.internal.util.LogHelper  : HHH000204: Processing PersistenceUnitInfo [name: default]
2026-05-24T16:26:38.127-03:00  INFO 14772 --- [           main] org.hibernate.Version                    : HHH000412: Hibernate ORM core version 6.4.4.Final
2026-05-24T16:26:38.165-03:00  INFO 14772 --- [           main] o.h.c.internal.RegionFactoryInitiator    : HHH000026: Second-level cache disabled
2026-05-24T16:26:38.276-03:00  INFO 14772 --- [           main] o.s.o.j.p.SpringPersistenceUnitInfo      : No LoadTimeWeaver setup: ignoring JPA class transformer
2026-05-24T16:26:39.101-03:00  INFO 14772 --- [           main] o.h.e.t.j.p.i.JtaPlatformInitiator       : HHH000489: No JTA platform available (set 'hibernate.transaction.jta.platform' to enable JTA platform integration)
Hibernate: create table equipamentos (id bigint generated by default as identity, ativo boolean not null, descricao varchar(255), nome varchar(255) not null, status varchar(255) not null check (status in ('DISPONIVEL','RESERVADO','EM_USO','MANUTENCAO','ATRASADO')), primary key (id))
Hibernate: create table reservas (id bigint generated by default as identity, ativo boolean not null, data date not null, horario_aula integer not null, status varchar(255) not null check (status in ('ATIVA','EM_USO','CANCELADA','CONCLUIDA','ATRASADA')), equipamento_id bigint not null, professor_id bigint not null, turma_id bigint not null, primary key (id))
Hibernate: create table turmas (id bigint generated by default as identity, ativo boolean not null, nome varchar(255) not null, primary key (id))
Hibernate: create table usuarios (id bigint generated by default as identity, ativo boolean not null, email varchar(255) not null, nome varchar(255) not null, perfil varchar(255) not null check (perfil in ('ROLE_PROFESSOR','ROLE_ADMINISTRADOR')), senha varchar(255) not null, primary key (id))
Hibernate: alter table if exists usuarios drop constraint if exists UK_kfsp0s1tflm1cwlj8idhqsad0
Hibernate: alter table if exists usuarios add constraint UK_kfsp0s1tflm1cwlj8idhqsad0 unique (email)
Hibernate: alter table if exists reservas add constraint FKfarl6a0q2ltqlbw7nhss8o80g foreign key (equipamento_id) references equipamentos
Hibernate: alter table if exists reservas add constraint FKdg7p05k50gw00tyw7mihewxb6 foreign key (professor_id) references usuarios
Hibernate: alter table if exists reservas add constraint FK2h4bcxc2l3lme89lt4602bq26 foreign key (turma_id) references turmas
2026-05-24T16:26:39.184-03:00  INFO 14772 --- [           main] j.LocalContainerEntityManagerFactoryBean : Initialized JPA EntityManagerFactory for persistence unit 'default'
2026-05-24T16:26:39.643-03:00  INFO 14772 --- [           main] b.c.u.s.r.ReservaRepositoryTest          : Started ReservaRepositoryTest in 2.58 seconds (process running for 7.867)
Hibernate: insert into usuarios (ativo,email,nome,perfil,senha,id) values (?,?,?,?,?,default)
Hibernate: insert into equipamentos (ativo,descricao,nome,status,id) values (?,?,?,?,default)
Hibernate: insert into turmas (ativo,nome,id) values (?,?,default)
Hibernate: insert into reservas (ativo,data,equipamento_id,horario_aula,professor_id,status,turma_id,id) values (?,?,?,?,?,?,?,default)
Hibernate: select r1_0.id,r1_0.ativo,r1_0.data,r1_0.equipamento_id,r1_0.horario_aula,r1_0.professor_id,r1_0.status,r1_0.turma_id from reservas r1_0 where r1_0.equipamento_id=? and r1_0.data=? and r1_0.horario_aula=? and r1_0.ativo and r1_0.status<>?
]]></system-out>
  </testcase>
</testsuite>